Arguments: 
  C:\Program Files\nodejs\node.exe C:\Users\Stephen\AppData\Roaming\npm\node_modules\yarn\bin\yarn.js add typescript

PATH: 
  C:\Python27\;C:\Python27\Scripts;C:\ActiveTcl\bin;C:\Program Files (x86)\NVIDIA Corporation\PhysX\Common;C:\Program Files (x86)\Common Files\Oracle\Java\javapath;C:\Program Files (x86)\Common Files\Intel\Shared Libraries\redist\intel64_win\compiler;C:\Program Files (x86)\Common Files\Intel\Shared Libraries\redist\intel64\compiler;C:\Program Files (x86)\Intel\iCLS Client\;C:\Program Files\Intel\iCLS Client\;C:\WINDOWS\system32;C:\WINDOWS;C:\WINDOWS\System32\Wbem;C:\WINDOWS\System32\WindowsPowerShell\v1.0\;C:\Program Files (x86)\Intel\Intel(R) Management Engine Components\DAL;C:\Program Files\Intel\Intel(R) Management Engine Components\DAL;C:\Program Files (x86)\Intel\Intel(R) Management Engine Components\IPT;C:\Program Files\Intel\Intel(R) Management Engine Components\IPT;C:\Program Files\Microsoft SQL Server\Client SDK\ODBC\130\Tools\Binn\;C:\Program Files (x86)\Microsoft SQL Server\130\Tools\Binn\;C:\Program Files\Microsoft SQL Server\130\Tools\Binn\;C:\Program Files\Microsoft SQL Server\130\DTS\Binn\;C:\Program Files (x86)\Microsoft SQL Server\Client SDK\ODBC\130\Tools\Binn\;C:\Program Files (x86)\Microsoft SQL Server\140\Tools\Binn\;C:\Program Files (x86)\Microsoft SQL Server\140\DTS\Binn\;C:\Program Files (x86)\Microsoft SQL Server\140\Tools\Binn\ManagementStudio\;C:\WINDOWS\System32\OpenSSH\;C:\Program Files\Microsoft VS Code\bin;C:\Users\Stephen\AppData\Local\Android\Sdk\platform-tools;C:\Program Files\Git\cmd;C:\ProgramData\chocolatey\bin;C:\Program Files\PuTTY\;C:\Users\Stephen\AppData\Local\Yarn\bin\bin;C:\Program Files (x86)\JXcore;C:\Program Files\Microsoft\Web Platform Installer\;C:\Program Files\dotnet\;C:\Program Files (x86)\Gpg4win\..\GnuPG\bin;C:\Program Files\nodejs\;C:\Users\Stephen\.windows-build-tools\python27\;C:\Python3.7\Scripts\;C:\Python3.7\;C:\Users\Stephen\Desktop\Scripts\;C:\Users\Stephen\Desktop\;C:\Python36\Scripts\;C:\Python36\;C:\Users\Stephen\AppData\Local\Microsoft\WindowsApps;C:\Users\Stephen\AppData\Local\GitHubDesktop\bin;C:\Program Files\Microsoft VS Code\bin;C:\Program Files\heroku\bin;C:\tools\dart-sdk\bin;C:\Users\Stephen\AppData\Roaming\Pub\Cache\bin;C:\Users\Stephen\AppData\Local\Microsoft\WindowsApps;C:\Program Files\PostgreSQL\11\bin;C:\Users\Stephen\AppData\Roaming\cabal\bin;C:\ProgramData\chocolatey\lib\ghc\tools\ghc-8.10.1\bin;C:\tools\msys64;C:\Program Files (x86)\mitmproxy\bin;C:\Users\Stephen\AppData\Roaming\npm

Yarn version: 
  1.19.1

Node version: 
  13.14.0

Platform: 
  win32 x64

Trace: 
  SyntaxError: C:\# William\projects\pdgy\NootLang\package.json: Unexpected token } in JSON at position 291
      at JSON.parse (<anonymous>)
      at C:\Users\Stephen\AppData\Roaming\npm\node_modules\yarn\lib\cli.js:1625:59
      at Generator.next (<anonymous>)
      at step (C:\Users\Stephen\AppData\Roaming\npm\node_modules\yarn\lib\cli.js:304:30)
      at C:\Users\Stephen\AppData\Roaming\npm\node_modules\yarn\lib\cli.js:315:13

npm manifest: 
  {
  	"name": "noot-lang",
  	"version": "0.1.2",
  	"main": "dist/index.js",
  	"repository": "https://github.com/Prodigy-Hacking/NootLang.git",
  	"author": "TNThacker2015 <tnthacker2015@gmail.com>",
  	"license": "MIT",
  	"scripts": {
  		"bstart": "tsc && yarn start",
  		"start": "node dist/index",
  		
  	}
  }

yarn manifest: 
  No manifest

Lockfile: 
  No lockfile
